<?xml version="1.0" encoding="UTF-8"?>
<!-- Generated by org.testng.reporters.JUnitReportReporter -->
<testsuite hostname="LAPTOP-R4MPUL09" failures="0" tests="1" name="Testing.MAven2.AssignLeaveModule1" time="41.784" errors="0" timestamp="2021-09-30T16:22:47 IST" skipped="0">
  <testcase classname="Testing.MAven2.AssignLeaveModule1" name="TC002" time="41.784"/>
  <system-out/>
</testsuite> <!-- Testing.MAven2.AssignLeaveModule1 -->
